<?xml version="1.0" encoding="UTF-8"?>
<!-- Generated by org.testng.reporters.JUnitReportReporter -->
<testsuite skipped="0" hostname="SYED-ZEESHAN-ALI" name="com.first.maven.firstmavenproject.AppTest" tests="1" failures="0" timestamp="2021-04-01T20:41:36 IST" time="0.009" errors="0">
  <testcase name="method1" time="0.009" classname="com.first.maven.firstmavenproject.AppTest"/>
  <system-out/>
</testsuite> <!-- com.first.maven.firstmavenproject.AppTest -->
