<?xml version="1.0" encoding="UTF-8"?>
<!-- Generated by org.testng.reporters.JUnitReportReporter -->
<testsuite hostname="SYED-ZEESHAN-ALI" failures="0" tests="1" name="com.first.maven.firstmavenproject.Main" time="0.012" errors="0" timestamp="2021-04-02T15:29:08 IST" skipped="0">
  <testcase classname="com.first.maven.firstmavenproject.Main" name="method1" time="0.012"/>
  <system-out/>
</testsuite> <!-- com.first.maven.firstmavenproject.Main -->
