<?xml version="1.0" encoding="UTF-8"?>
<!-- Generated by org.testng.reporters.JUnitReportReporter -->
<testsuite hostname="SYED-ZEESHAN-ALI" failures="0" tests="1" name="com.first.maven.firstmavenproject.AppTest" time="0.016" errors="0" timestamp="2021-04-01T19:44:03 IST" skipped="0">
  <testcase classname="com.first.maven.firstmavenproject.AppTest" name="shouldAnswerWithTrue" time="0.016"/>
  <system-out/>
</testsuite> <!-- com.first.maven.firstmavenproject.AppTest -->
