<?xml version="1.0" encoding="UTF-8"?>
<!-- Generated by org.testng.reporters.JUnitReportReporter -->
<testsuite hostname="SYED-ZEESHAN-ALI" failures="0" tests="1" name="com.first.maven.firstmavenproject.AppTest" time="26.311" errors="0" timestamp="2021-04-02T17:15:29 IST" skipped="0">
  <testcase classname="com.first.maven.firstmavenproject.AppTest" name="method1" time="26.311"/>
  <system-out/>
</testsuite> <!-- com.first.maven.firstmavenproject.AppTest -->
